<?xml version="1.0" encoding="UTF-8"?>
<!-- Generated by org.testng.reporters.JUnitReportReporter -->
<testsuite hostname="administrator-Latitude-3490" name="com.gojeck.testcase.Homepage" tests="2" failures="0" timestamp="10 Aug 2019 17:59:04 GMT" time="27.390" errors="0">
  <testcase name="basePageNavigation" time="11.393" classname="com.gojeck.testcase.Homepage"/>
  <testcase name="basePageNavigation" time="15.997" classname="com.gojeck.testcase.Homepage"/>
</testsuite> <!-- com.gojeck.testcase.Homepage -->
